app/build/intermediates/manifest_merge_blame_file/debug/manifest-merger-blame-debug-report.txt
1<?xml version="1.0" encoding="utf-8"?>
2<manifest xmlns:android="http://schemas.android.com/apk/res/android"
3    package="com.example.easyfood"
4    android:versionCode="1"
5    android:versionName="1.0" >
6
7    <uses-sdk
8        android:minSdkVersion="21"
9        android:targetSdkVersion="34" />
10
11    <uses-permission android:name="android.permission.INTERNET" />
11-->src\main\AndroidManifest.xml:4:5-67
11-->src\main\AndroidManifest.xml:4:22-64
12
13    <application
13-->src\main\AndroidManifest.xml:6:5-29:19
14        android:allowBackup="true"
14-->src\main\AndroidManifest.xml:7:9-35
15        android:appComponentFactory="androidx.core.app.CoreComponentFactory"
15-->[androidx.core:core:1.7.0] AndroidManifest.xml:24:18-86
16        android:debuggable="true"
17        android:extractNativeLibs="true"
18        android:icon="@mipmap/ic_launcher"
18-->src\main\AndroidManifest.xml:8:9-43
19        android:label="@string/app_name"
19-->src\main\AndroidManifest.xml:9:9-41
20        android:roundIcon="@mipmap/ic_launcher_round"
20-->src\main\AndroidManifest.xml:10:9-54
21        android:supportsRtl="true"
21-->src\main\AndroidManifest.xml:11:9-35
22        android:testOnly="true"
23        android:theme="@style/Theme.EasyFood"
23-->src\main\AndroidManifest.xml:12:9-46
24        android:usesCleartextTraffic="true" >
24-->src\main\AndroidManifest.xml:13:9-44
25        <activity
25-->src\main\AndroidManifest.xml:14:9-16:40
26            android:name="com.example.easyfood.ui.activites.MealActivity"
26-->src\main\AndroidManifest.xml:15:13-54
27            android:exported="false" />
27-->src\main\AndroidManifest.xml:16:13-37
28        <activity
28-->src\main\AndroidManifest.xml:17:9-19:40
29            android:name="com.example.easyfood.ui.activites.MealDetailesActivity"
29-->src\main\AndroidManifest.xml:18:13-62
30            android:exported="false" />
30-->src\main\AndroidManifest.xml:19:13-37
31        <activity
31-->src\main\AndroidManifest.xml:20:9-28:20
32            android:name="com.example.easyfood.ui.activites.MainActivity"
32-->src\main\AndroidManifest.xml:21:13-54
33            android:exported="true" >
33-->src\main\AndroidManifest.xml:22:13-36
34            <intent-filter>
34-->src\main\AndroidManifest.xml:23:13-27:29
35                <action android:name="android.intent.action.MAIN" />
35-->src\main\AndroidManifest.xml:24:17-69
35-->src\main\AndroidManifest.xml:24:25-66
36
37                <category android:name="android.intent.category.LAUNCHER" />
37-->src\main\AndroidManifest.xml:26:17-77
37-->src\main\AndroidManifest.xml:26:27-74
38            </intent-filter>
39        </activity>
40
41        <service
41-->[androidx.room:room-runtime:2.3.0] AndroidManifest.xml:25:9-28:40
42            android:name="androidx.room.MultiInstanceInvalidationService"
42-->[androidx.room:room-runtime:2.3.0] AndroidManifest.xml:26:13-74
43            android:directBootAware="true"
43-->[androidx.room:room-runtime:2.3.0] AndroidManifest.xml:27:13-43
44            android:exported="false" />
44-->[androidx.room:room-runtime:2.3.0] AndroidManifest.xml:28:13-37
45
46        <provider
46-->[androidx.lifecycle:lifecycle-process:2.1.0] AndroidManifest.xml:23:9-27:43
47            android:name="androidx.lifecycle.ProcessLifecycleOwnerInitializer"
47-->[androidx.lifecycle:lifecycle-process:2.1.0] AndroidManifest.xml:24:13-79
48            android:authorities="com.example.easyfood.lifecycle-process"
48-->[androidx.lifecycle:lifecycle-process:2.1.0] AndroidManifest.xml:25:13-69
49            android:exported="false"
49-->[androidx.lifecycle:lifecycle-process:2.1.0] AndroidManifest.xml:26:13-37
50            android:multiprocess="true" />
50-->[androidx.lifecycle:lifecycle-process:2.1.0] AndroidManifest.xml:27:13-40
51    </application>
52
53</manifest>